<?xml version="1.0" encoding="UTF-8"?>
<coverage generated="1744643924">
  <project timestamp="1744643924">
    <file name="/app/src/Adapters/RedisAdapter.php">
      <class name="LeoCarmo\CircuitBreaker\Adapters\RedisAdapter" namespace="global">
        <metrics complexity="13" methods="11" coveredmethods="9" conditionals="0" coveredconditionals="0" statements="43" coveredstatements="38" elements="54" coveredelements="47"/>
      </class>
      <line num="23" type="method" name="__construct" visibility="public" complexity="1" crap="1" count="2"/>
      <line num="25" type="stmt" count="2"/>
      <line num="26" type="stmt" count="2"/>
      <line num="27" type="stmt" count="2"/>
      <line num="30" type="method" name="checkExtensionLoaded" visibility="protected" complexity="2" crap="2.50" count="2"/>
      <line num="32" type="stmt" count="2"/>
      <line num="33" type="stmt" count="0"/>
      <line num="41" type="method" name="isOpen" visibility="public" complexity="1" crap="1" count="8"/>
      <line num="43" type="stmt" count="8"/>
      <line num="44" type="stmt" count="8"/>
      <line num="45" type="stmt" count="8"/>
      <line num="53" type="method" name="reachRateLimit" visibility="public" complexity="1" crap="1" count="6"/>
      <line num="55" type="stmt" count="6"/>
      <line num="56" type="stmt" count="6"/>
      <line num="57" type="stmt" count="6"/>
      <line num="59" type="stmt" count="6"/>
      <line num="66" type="method" name="isHalfOpen" visibility="public" complexity="1" crap="1" count="8"/>
      <line num="68" type="stmt" count="8"/>
      <line num="69" type="stmt" count="8"/>
      <line num="70" type="stmt" count="8"/>
      <line num="78" type="method" name="incrementFailure" visibility="public" complexity="2" crap="2" count="4"/>
      <line num="80" type="stmt" count="4"/>
      <line num="82" type="stmt" count="4"/>
      <line num="83" type="stmt" count="4"/>
      <line num="84" type="stmt" count="4"/>
      <line num="85" type="stmt" count="4"/>
      <line num="86" type="stmt" count="4"/>
      <line num="89" type="stmt" count="4"/>
      <line num="95" type="method" name="setSuccess" visibility="public" complexity="1" crap="1" count="1"/>
      <line num="97" type="stmt" count="1"/>
      <line num="99" type="stmt" count="1"/>
      <line num="100" type="stmt" count="1"/>
      <line num="101" type="stmt" count="1"/>
      <line num="102" type="stmt" count="1"/>
      <line num="103" type="stmt" count="1"/>
      <line num="110" type="method" name="setOpenCircuit" visibility="public" complexity="1" crap="1" count="6"/>
      <line num="112" type="stmt" count="6"/>
      <line num="113" type="stmt" count="6"/>
      <line num="114" type="stmt" count="6"/>
      <line num="115" type="stmt" count="6"/>
      <line num="116" type="stmt" count="6"/>
      <line num="124" type="method" name="setHalfOpenCircuit" visibility="public" complexity="1" crap="1" count="6"/>
      <line num="126" type="stmt" count="6"/>
      <line num="127" type="stmt" count="6"/>
      <line num="128" type="stmt" count="6"/>
      <line num="129" type="stmt" count="6"/>
      <line num="130" type="stmt" count="6"/>
      <line num="133" type="method" name="getFailuresCounter" visibility="public" complexity="1" crap="2" count="0"/>
      <line num="135" type="stmt" count="0"/>
      <line num="136" type="stmt" count="0"/>
      <line num="137" type="stmt" count="0"/>
      <line num="139" type="stmt" count="0"/>
      <line num="146" type="method" name="makeNamespace" visibility="protected" complexity="1" crap="1" count="8"/>
      <line num="148" type="stmt" count="8"/>
      <metrics loc="151" ncloc="105" classes="1" methods="11" coveredmethods="9" conditionals="0" coveredconditionals="0" statements="43" coveredstatements="38" elements="54" coveredelements="47"/>
    </file>
    <file name="/app/src/Adapters/RedisClusterAdapter.php">
      <class name="LeoCarmo\CircuitBreaker\Adapters\RedisClusterAdapter" namespace="global">
        <metrics complexity="3" methods="2" coveredmethods="2" conditionals="0" coveredconditionals="0" statements="9" coveredstatements="9" elements="11" coveredelements="11"/>
      </class>
      <line num="12" type="method" name="incrementFailure" visibility="public" complexity="2" crap="2" count="2"/>
      <line num="14" type="stmt" count="2"/>
      <line num="16" type="stmt" count="2"/>
      <line num="17" type="stmt" count="2"/>
      <line num="18" type="stmt" count="2"/>
      <line num="21" type="stmt" count="2"/>
      <line num="27" type="method" name="setSuccess" visibility="public" complexity="1" crap="1" count="1"/>
      <line num="29" type="stmt" count="1"/>
      <line num="31" type="stmt" count="1"/>
      <line num="32" type="stmt" count="1"/>
      <line num="33" type="stmt" count="1"/>
      <metrics loc="36" ncloc="28" classes="1" methods="2" coveredmethods="2" conditionals="0" coveredconditionals="0" statements="9" coveredstatements="9" elements="11" coveredelements="11"/>
    </file>
    <file name="/app/src/Adapters/SwooleTableAdapter.php">
      <class name="LeoCarmo\CircuitBreaker\Adapters\SwooleTableAdapter" namespace="global">
        <metrics complexity="17" methods="11" coveredmethods="10" conditionals="0" coveredconditionals="0" statements="61" coveredstatements="60" elements="72" coveredelements="70"/>
      </class>
      <line num="11" type="method" name="__construct" visibility="public" complexity="1" crap="1" count="7"/>
      <line num="13" type="stmt" count="7"/>
      <line num="14" type="stmt" count="7"/>
      <line num="17" type="method" name="createTable" visibility="protected" complexity="1" crap="1" count="7"/>
      <line num="19" type="stmt" count="7"/>
      <line num="20" type="stmt" count="7"/>
      <line num="21" type="stmt" count="7"/>
      <line num="22" type="stmt" count="7"/>
      <line num="23" type="stmt" count="7"/>
      <line num="26" type="method" name="checkExtensionLoaded" visibility="protected" complexity="2" crap="2.50" count="7"/>
      <line num="28" type="stmt" count="7"/>
      <line num="29" type="stmt" count="0"/>
      <line num="38" type="method" name="incrementFailure" visibility="public" complexity="2" crap="2" count="10"/>
      <line num="40" type="stmt" count="10"/>
      <line num="42" type="stmt" count="10"/>
      <line num="43" type="stmt" count="7"/>
      <line num="46" type="stmt" count="10"/>
      <line num="48" type="stmt" count="10"/>
      <line num="49" type="stmt" count="10"/>
      <line num="50" type="stmt" count="10"/>
      <line num="51" type="stmt" count="10"/>
      <line num="54" type="method" name="reachRateLimit" visibility="public" complexity="3" crap="3" count="10"/>
      <line num="56" type="stmt" count="10"/>
      <line num="58" type="stmt" count="10"/>
      <line num="59" type="stmt" count="3"/>
      <line num="62" type="stmt" count="10"/>
      <line num="64" type="stmt" count="10"/>
      <line num="65" type="stmt" count="1"/>
      <line num="66" type="stmt" count="1"/>
      <line num="69" type="stmt" count="9"/>
      <line num="75" type="method" name="setSuccess" visibility="public" complexity="1" crap="1" count="3"/>
      <line num="77" type="stmt" count="3"/>
      <line num="78" type="stmt" count="3"/>
      <line num="79" type="stmt" count="3"/>
      <line num="86" type="method" name="isOpen" visibility="public" complexity="2" crap="2" count="10"/>
      <line num="88" type="stmt" count="10"/>
      <line num="90" type="stmt" count="10"/>
      <line num="91" type="stmt" count="10"/>
      <line num="94" type="stmt" count="1"/>
      <line num="96" type="stmt" count="1"/>
      <line num="97" type="stmt" count="1"/>
      <line num="98" type="stmt" count="1"/>
      <line num="105" type="method" name="isHalfOpen" visibility="public" complexity="2" crap="2" count="10"/>
      <line num="107" type="stmt" count="10"/>
      <line num="109" type="stmt" count="10"/>
      <line num="110" type="stmt" count="10"/>
      <line num="113" type="stmt" count="1"/>
      <line num="115" type="stmt" count="1"/>
      <line num="116" type="stmt" count="1"/>
      <line num="117" type="stmt" count="1"/>
      <line num="124" type="method" name="setOpenCircuit" visibility="public" complexity="1" crap="1" count="5"/>
      <line num="126" type="stmt" count="5"/>
      <line num="128" type="stmt" count="5"/>
      <line num="129" type="stmt" count="5"/>
      <line num="130" type="stmt" count="5"/>
      <line num="131" type="stmt" count="5"/>
      <line num="132" type="stmt" count="5"/>
      <line num="133" type="stmt" count="5"/>
      <line num="135" type="stmt" count="5"/>
      <line num="143" type="method" name="setHalfOpenCircuit" visibility="public" complexity="1" crap="1" count="5"/>
      <line num="145" type="stmt" count="5"/>
      <line num="147" type="stmt" count="5"/>
      <line num="149" type="stmt" count="5"/>
      <line num="150" type="stmt" count="5"/>
      <line num="151" type="stmt" count="5"/>
      <line num="152" type="stmt" count="5"/>
      <line num="153" type="stmt" count="5"/>
      <line num="154" type="stmt" count="5"/>
      <line num="156" type="stmt" count="5"/>
      <line num="159" type="method" name="getFailuresCounter" visibility="public" complexity="1" crap="1" count="4"/>
      <line num="161" type="stmt" count="4"/>
      <line num="163" type="stmt" count="4"/>
      <metrics loc="166" ncloc="141" classes="1" methods="11" coveredmethods="10" conditionals="0" coveredconditionals="0" statements="61" coveredstatements="60" elements="72" coveredelements="70"/>
    </file>
    <file name="/app/src/CircuitBreaker.php">
      <class name="LeoCarmo\CircuitBreaker\CircuitBreaker" namespace="global">
        <metrics complexity="15" methods="11" coveredmethods="11" conditionals="0" coveredconditionals="0" statements="37" coveredstatements="37" elements="48" coveredelements="48"/>
      </class>
      <line num="41" type="method" name="__construct" visibility="public" complexity="1" crap="1" count="27"/>
      <line num="43" type="stmt" count="27"/>
      <line num="44" type="stmt" count="27"/>
      <line num="50" type="method" name="getAdapter" visibility="public" complexity="1" crap="1" count="4"/>
      <line num="52" type="stmt" count="4"/>
      <line num="58" type="method" name="getService" visibility="public" complexity="1" crap="1" count="1"/>
      <line num="60" type="stmt" count="1"/>
      <line num="69" type="method" name="setSettings" visibility="public" complexity="2" crap="2" count="19"/>
      <line num="71" type="stmt" count="19"/>
      <line num="72" type="stmt" count="19"/>
      <line num="79" type="method" name="getSettings" visibility="public" complexity="1" crap="1" count="1"/>
      <line num="81" type="stmt" count="1"/>
      <line num="88" type="method" name="getSetting" visibility="public" complexity="1" crap="1" count="20"/>
      <line num="90" type="stmt" count="20"/>
      <line num="98" type="method" name="isAvailable" visibility="public" complexity="3" crap="3" count="21"/>
      <line num="100" type="stmt" count="21"/>
      <line num="101" type="stmt" count="5"/>
      <line num="104" type="stmt" count="18"/>
      <line num="105" type="stmt" count="18"/>
      <line num="106" type="stmt" count="18"/>
      <line num="107" type="stmt" count="18"/>
      <line num="109" type="stmt" count="18"/>
      <line num="110" type="stmt" count="10"/>
      <line num="111" type="stmt" count="10"/>
      <line num="114" type="stmt" count="12"/>
      <line num="122" type="method" name="failure" visibility="public" complexity="2" crap="2" count="18"/>
      <line num="124" type="stmt" count="18"/>
      <line num="126" type="stmt" count="18"/>
      <line num="127" type="stmt" count="4"/>
      <line num="128" type="stmt" count="4"/>
      <line num="131" type="stmt" count="16"/>
      <line num="132" type="stmt" count="16"/>
      <line num="133" type="stmt" count="16"/>
      <line num="134" type="stmt" count="16"/>
      <line num="142" type="method" name="success" visibility="public" complexity="1" crap="1" count="6"/>
      <line num="144" type="stmt" count="6"/>
      <line num="150" type="method" name="openCircuit" visibility="public" complexity="1" crap="1" count="12"/>
      <line num="152" type="stmt" count="12"/>
      <line num="153" type="stmt" count="12"/>
      <line num="154" type="stmt" count="12"/>
      <line num="155" type="stmt" count="12"/>
      <line num="156" type="stmt" count="12"/>
      <line num="157" type="stmt" count="12"/>
      <line num="158" type="stmt" count="12"/>
      <line num="159" type="stmt" count="12"/>
      <line num="160" type="stmt" count="12"/>
      <line num="163" type="method" name="getFailuresCounter" visibility="public" complexity="1" crap="1" count="4"/>
      <line num="165" type="stmt" count="4"/>
      <metrics loc="168" ncloc="115" classes="1" methods="11" coveredmethods="11" conditionals="0" coveredconditionals="0" statements="37" coveredstatements="37" elements="48" coveredelements="48"/>
    </file>
    <file name="/app/src/CircuitBreakerException.php">
      <class name="LeoCarmo\CircuitBreaker\CircuitBreakerException" namespace="global">
        <metrics complexity="0" methods="0" coveredmethods="0" conditionals="0" coveredconditionals="0" statements="0" coveredstatements="0" elements="0" coveredelements="0"/>
      </class>
      <metrics loc="5" ncloc="5" classes="0" methods="0" coveredmethods="0" conditionals="0" coveredconditionals="0" statements="0" coveredstatements="0" elements="0" coveredelements="0"/>
    </file>
    <file name="/app/src/GuzzleMiddleware.php">
      <class name="LeoCarmo\CircuitBreaker\GuzzleMiddleware" namespace="global">
        <metrics complexity="17" methods="8" coveredmethods="7" conditionals="0" coveredconditionals="0" statements="35" coveredstatements="33" elements="43" coveredelements="40"/>
      </class>
      <line num="16" type="method" name="__construct" visibility="public" complexity="1" crap="1" count="6"/>
      <line num="18" type="stmt" count="6"/>
      <line num="21" type="method" name="setCustomSuccessCodes" visibility="public" complexity="1" crap="1" count="1"/>
      <line num="23" type="stmt" count="1"/>
      <line num="26" type="method" name="setCustomIgnoreCodes" visibility="public" complexity="1" crap="1" count="1"/>
      <line num="28" type="stmt" count="1"/>
      <line num="31" type="method" name="__invoke" visibility="public" complexity="2" crap="2" count="6"/>
      <line num="33" type="stmt" count="6"/>
      <line num="35" type="stmt" count="6"/>
      <line num="36" type="stmt" count="1"/>
      <line num="37" type="stmt" count="1"/>
      <line num="38" type="stmt" count="1"/>
      <line num="41" type="stmt" count="5"/>
      <line num="43" type="stmt" count="5"/>
      <line num="44" type="stmt" count="5"/>
      <line num="45" type="stmt" count="4"/>
      <line num="47" type="stmt" count="4"/>
      <line num="48" type="stmt" count="5"/>
      <line num="49" type="stmt" count="5"/>
      <line num="50" type="stmt" count="1"/>
      <line num="51" type="stmt" count="1"/>
      <line num="52" type="stmt" count="5"/>
      <line num="53" type="stmt" count="5"/>
      <line num="54" type="stmt" count="6"/>
      <line num="57" type="method" name="executeCircuitBreakerOnResponse" visibility="protected" complexity="6" crap="6.17" count="4"/>
      <line num="59" type="stmt" count="4"/>
      <line num="61" type="stmt" count="4"/>
      <line num="62" type="stmt" count="1"/>
      <line num="65" type="stmt" count="3"/>
      <line num="66" type="stmt" count="0"/>
      <line num="67" type="stmt" count="0"/>
      <line num="70" type="stmt" count="3"/>
      <line num="71" type="stmt" count="2"/>
      <line num="74" type="stmt" count="3"/>
      <line num="75" type="stmt" count="2"/>
      <line num="76" type="stmt" count="2"/>
      <line num="79" type="stmt" count="1"/>
      <line num="82" type="method" name="isStatusCodeRangeValid" visibility="protected" complexity="2" crap="2" count="3"/>
      <line num="84" type="stmt" count="3"/>
      <line num="87" type="method" name="isStatusCodeRedirect" visibility="protected" complexity="2" crap="2" count="3"/>
      <line num="89" type="stmt" count="3"/>
      <line num="92" type="method" name="isStatusCodeSuccess" visibility="protected" complexity="2" crap="2" count="3"/>
      <line num="94" type="stmt" count="3"/>
      <metrics loc="96" ncloc="96" classes="1" methods="8" coveredmethods="7" conditionals="0" coveredconditionals="0" statements="35" coveredstatements="33" elements="43" coveredelements="40"/>
    </file>
    <metrics files="6" loc="622" ncloc="490" classes="5" methods="43" coveredmethods="39" conditionals="0" coveredconditionals="0" statements="185" coveredstatements="177" elements="228" coveredelements="216"/>
  </project>
</coverage>
